<?xml version="1.0" encoding="UTF-8"?>
<!-- Generated by org.testng.reporters.JUnitXMLReporter -->
<testsuite ignored="1" hostname="PL-5CG9107BTW" failures="0" tests="2" name="Default test" time="77.161" errors="0" timestamp="2023-06-13T13:34:34 NZST">
  <testcase classname="SeleniumProject.StandAloneTest" name="submitOrder" time="7.996"/>
  <testcase classname="SeleniumProject.StandAloneTest" name="submitOrder" time="20.081"/>
  <testcase classname="SeleniumProject.StandAloneTest" name="OrderPageValidation" time="0.0">
    <ignored/>
  </testcase> <!-- OrderPageValidation -->
</testsuite> <!-- Default test -->
